app_camera/app/build/intermediates/manifest_merge_blame_file/release/manifest-merger-blame-release-report.txt
1<?xml version="1.0" encoding="utf-8"?>
2<manifest xmlns:android="http://schemas.android.com/apk/res/android"
3    package="com.capongasoftware.cameradiscreta"
4    android:versionCode="3"
5    android:versionName="1.0.3" >
6
7    <uses-sdk
8        android:minSdkVersion="21"
9        android:targetSdkVersion="34" />
10
11    <!-- ========== PERMISSÕES GERAIS ========== -->
12
13
14    <!-- Permissão de câmera normal -->
15    <uses-permission android:name="android.permission.CAMERA" />
15-->src\main\AndroidManifest.xml:8:5-9:71
15-->src\main\AndroidManifest.xml:8:22-62
16
17    <!-- Permissão para gravar áudio -->
18    <uses-permission android:name="android.permission.RECORD_AUDIO" />
18-->src\main\AndroidManifest.xml:12:5-71
18-->src\main\AndroidManifest.xml:12:22-68
19
20    <!-- Permissão para gravar em Movies (pasta pública) em versões < 29 -->
21    <uses-permission
21-->src\main\AndroidManifest.xml:15:5-17:38
22        android:name="android.permission.WRITE_EXTERNAL_STORAGE"
22-->src\main\AndroidManifest.xml:16:9-65
23        android:maxSdkVersion="28" />
23-->src\main\AndroidManifest.xml:17:9-35
24    <uses-permission android:name="android.permission.READ_EXTERNAL_STORAGE" />
24-->src\main\AndroidManifest.xml:18:5-80
24-->src\main\AndroidManifest.xml:18:22-77
25
26    <!-- Permissão antiga de foreground service (para Android 9/10) -->
27    <uses-permission android:name="android.permission.FOREGROUND_SERVICE" />
27-->src\main\AndroidManifest.xml:21:5-77
27-->src\main\AndroidManifest.xml:21:22-74
28
29    <!-- ========== PERMISSÕES ESPECÍFICAS (Android 14+) ========== -->
30    <!-- Para iniciar FGS usando microfone em targetSdk=34+ -->
31    <uses-permission android:name="android.permission.FOREGROUND_SERVICE_MICROPHONE" />
31-->src\main\AndroidManifest.xml:25:5-88
31-->src\main\AndroidManifest.xml:25:22-85
32    <!-- Para iniciar FGS usando câmera em targetSdk=34+ (se necessário) -->
33    <uses-permission android:name="android.permission.FOREGROUND_SERVICE_CAMERA" />
33-->src\main\AndroidManifest.xml:27:5-84
33-->src\main\AndroidManifest.xml:27:22-81
34
35    <permission
35-->[androidx.core:core:1.9.0] AndroidManifest.xml:22:5-24:47
36        android:name="com.capongasoftware.cameradiscreta.DYNAMIC_RECEIVER_NOT_EXPORTED_PERMISSION"
36-->[androidx.core:core:1.9.0] AndroidManifest.xml:23:9-81
37        android:protectionLevel="signature" />
37-->[androidx.core:core:1.9.0] AndroidManifest.xml:24:9-44
38
39    <uses-permission android:name="com.capongasoftware.cameradiscreta.DYNAMIC_RECEIVER_NOT_EXPORTED_PERMISSION" />
39-->[androidx.core:core:1.9.0] AndroidManifest.xml:26:5-97
39-->[androidx.core:core:1.9.0] AndroidManifest.xml:26:22-94
40
41    <application
41-->src\main\AndroidManifest.xml:29:5-57:15
42        android:appComponentFactory="androidx.core.app.CoreComponentFactory"
42-->[androidx.core:core:1.9.0] AndroidManifest.xml:28:18-86
43        android:extractNativeLibs="true"
44        android:icon="@mipmap/ic_launcher"
44-->src\main\AndroidManifest.xml:31:9-43
45        android:label="Discreta"
45-->src\main\AndroidManifest.xml:30:9-33
46        android:requestLegacyExternalStorage="true"
46-->src\main\AndroidManifest.xml:34:9-52
47        android:roundIcon="@mipmap/ic_launcher_round"
47-->src\main\AndroidManifest.xml:32:9-54
48        android:theme="@style/Theme.AppCompat.Light.NoActionBar" >
48-->src\main\AndroidManifest.xml:33:9-65
49
50        <!-- Necessário no Android 10 (API 29) para manter acesso legado à pasta pública -->
51
52        <activity
52-->src\main\AndroidManifest.xml:38:5-47:16
53            android:name="com.capongasoftware.cameradiscreta.MainActivity"
53-->src\main\AndroidManifest.xml:39:9-37
54            android:exported="true"
54-->src\main\AndroidManifest.xml:40:9-32
55            android:screenOrientation="portrait" >
55-->src\main\AndroidManifest.xml:41:9-45
56            <intent-filter>
56-->src\main\AndroidManifest.xml:43:9-46:25
57                <action android:name="android.intent.action.MAIN" />
57-->src\main\AndroidManifest.xml:44:13-65
57-->src\main\AndroidManifest.xml:44:21-62
58
59                <category android:name="android.intent.category.LAUNCHER" />
59-->src\main\AndroidManifest.xml:45:13-73
59-->src\main\AndroidManifest.xml:45:23-70
60            </intent-filter>
61        </activity>
62
63        <!--
64         Declaração do Service em Foreground.
65         "camera|microphone" exige as permissões FOREGROUND_SERVICE_CAMERA e FOREGROUND_SERVICE_MICROPHONE
66         ao rodar em targetSdk=34 (Android 14).
67        -->
68        <service
68-->src\main\AndroidManifest.xml:52:5-56:54
69            android:name="com.capongasoftware.cameradiscreta.VideoRecordingService"
69-->src\main\AndroidManifest.xml:53:9-46
70            android:exported="false"
70-->src\main\AndroidManifest.xml:54:9-33
71            android:foregroundServiceType="camera|microphone" />
71-->src\main\AndroidManifest.xml:55:9-58
72
73        <provider
73-->[androidx.emoji2:emoji2:1.2.0] AndroidManifest.xml:24:9-32:20
74            android:name="androidx.startup.InitializationProvider"
74-->[androidx.emoji2:emoji2:1.2.0] AndroidManifest.xml:25:13-67
75            android:authorities="com.capongasoftware.cameradiscreta.androidx-startup"
75-->[androidx.emoji2:emoji2:1.2.0] AndroidManifest.xml:26:13-68
76            android:exported="false" >
76-->[androidx.emoji2:emoji2:1.2.0] AndroidManifest.xml:27:13-37
77            <meta-data
77-->[androidx.emoji2:emoji2:1.2.0] AndroidManifest.xml:29:13-31:52
78                android:name="androidx.emoji2.text.EmojiCompatInitializer"
78-->[androidx.emoji2:emoji2:1.2.0] AndroidManifest.xml:30:17-75
79                android:value="androidx.startup" />
79-->[androidx.emoji2:emoji2:1.2.0] AndroidManifest.xml:31:17-49
80            <meta-data
80-->[androidx.lifecycle:lifecycle-process:2.4.1] AndroidManifest.xml:31:13-33:52
81                android:name="androidx.lifecycle.ProcessLifecycleInitializer"
81-->[androidx.lifecycle:lifecycle-process:2.4.1] AndroidManifest.xml:32:17-78
82                android:value="androidx.startup" />
82-->[androidx.lifecycle:lifecycle-process:2.4.1] AndroidManifest.xml:33:17-49
83        </provider>
84    </application>
85
86</manifest>